2019-03-23 06:01:27,205 INFO o.a.j.u.JMeterUtils: Setting Locale to en_EN
2019-03-23 06:01:27,225 INFO o.a.j.JMeter: Loading user properties from: C:\Repos\apache-jmeter-5.1.1\bin\user.properties
2019-03-23 06:01:27,226 INFO o.a.j.JMeter: Loading system properties from: C:\Repos\apache-jmeter-5.1.1\bin\system.properties
2019-03-23 06:01:27,232 INFO o.a.j.JMeter: Copyright (c) 1998-2019 The Apache Software Foundation
2019-03-23 06:01:27,233 INFO o.a.j.JMeter: Version 5.1.1 r1855137
2019-03-23 06:01:27,233 INFO o.a.j.JMeter: java.version=1.8.0_201
2019-03-23 06:01:27,233 INFO o.a.j.JMeter: java.vm.name=Java HotSpot(TM) 64-Bit Server VM
2019-03-23 06:01:27,233 INFO o.a.j.JMeter: os.name=Windows 10
2019-03-23 06:01:27,233 INFO o.a.j.JMeter: os.arch=amd64
2019-03-23 06:01:27,233 INFO o.a.j.JMeter: os.version=10.0
2019-03-23 06:01:27,233 INFO o.a.j.JMeter: file.encoding=Cp1252
2019-03-23 06:01:27,233 INFO o.a.j.JMeter: java.awt.headless=null
2019-03-23 06:01:27,233 INFO o.a.j.JMeter: Max memory     =1073741824
2019-03-23 06:01:27,233 INFO o.a.j.JMeter: Available Processors =8
2019-03-23 06:01:27,237 INFO o.a.j.JMeter: Default Locale=English (EN)
2019-03-23 06:01:27,238 INFO o.a.j.JMeter: JMeter  Locale=English (EN)
2019-03-23 06:01:27,238 INFO o.a.j.JMeter: JMeterHome=C:\Repos\apache-jmeter-5.1.1
2019-03-23 06:01:27,238 INFO o.a.j.JMeter: user.dir  =C:\Repos\Git\distributed-database
2019-03-23 06:01:27,238 INFO o.a.j.JMeter: PWD       =C:\Repos\Git\distributed-database
2019-03-23 06:01:31,762 INFO o.a.j.JMeter: IP: 192.168.31.1 Name: AnimeIsTrash FullName: AnimeIsTrash
2019-03-23 06:01:32,073 INFO o.a.j.g.a.LookAndFeelCommand: Installing Darcula LAF
2019-03-23 06:01:32,109 INFO o.a.j.g.a.LookAndFeelCommand: Using look and feel: com.bulenkov.darcula.DarculaLaf [Darcula]
2019-03-23 06:01:32,109 INFO o.a.j.JMeter: Setting LAF to: com.bulenkov.darcula.DarculaLaf
2019-03-23 06:01:32,194 INFO o.a.j.JMeter: Loaded icon properties from org/apache/jmeter/images/icon.properties
2019-03-23 06:01:33,960 INFO o.a.j.p.h.s.HTTPSamplerBase: Parser for text/html is org.apache.jmeter.protocol.http.parser.LagartoBasedHtmlParser
2019-03-23 06:01:33,961 INFO o.a.j.p.h.s.HTTPSamplerBase: Parser for application/xhtml+xml is org.apache.jmeter.protocol.http.parser.LagartoBasedHtmlParser
2019-03-23 06:01:33,961 INFO o.a.j.p.h.s.HTTPSamplerBase: Parser for application/xml is org.apache.jmeter.protocol.http.parser.LagartoBasedHtmlParser
2019-03-23 06:01:33,961 INFO o.a.j.p.h.s.HTTPSamplerBase: Parser for text/xml is org.apache.jmeter.protocol.http.parser.LagartoBasedHtmlParser
2019-03-23 06:01:33,961 INFO o.a.j.p.h.s.HTTPSamplerBase: Parser for text/vnd.wap.wml is org.apache.jmeter.protocol.http.parser.RegexpHTMLParser
2019-03-23 06:01:33,961 INFO o.a.j.p.h.s.HTTPSamplerBase: Parser for text/css is org.apache.jmeter.protocol.http.parser.CssParser
2019-03-23 06:01:34,361 INFO o.a.j.e.KeyToolUtils: keytool found at 'keytool'
2019-03-23 06:01:34,361 INFO o.a.j.p.h.p.ProxyControl: HTTP(S) Test Script Recorder SSL Proxy will use keys that support embedded 3rd party resources in file C:\Repos\apache-jmeter-5.1.1\bin\proxyserver.jks
2019-03-23 06:01:34,496 INFO o.a.j.s.FileServer: Default base='C:\Repos\Git\distributed-database'
2019-03-23 06:01:35,185 INFO o.a.j.s.SampleResult: Note: Sample TimeStamps are START times
2019-03-23 06:01:35,185 INFO o.a.j.s.SampleResult: sampleresult.default.encoding is set to ISO-8859-1
2019-03-23 06:01:35,185 INFO o.a.j.s.SampleResult: sampleresult.useNanoTime=true
2019-03-23 06:01:35,186 INFO o.a.j.s.SampleResult: sampleresult.nanoThreadSleep=5000
2019-03-23 06:01:46,290 INFO o.a.j.g.a.Load: Loading file: C:\Repos\apache-jmeter-5.1.1\testplan\Graph Results.jmx
2019-03-23 06:01:46,291 INFO o.a.j.s.FileServer: Set new base='C:\Repos\apache-jmeter-5.1.1\testplan'
2019-03-23 06:01:46,467 INFO o.a.j.s.SaveService: Testplan (JMX) version: 2.2. Testlog (JTL) version: 2.2
2019-03-23 06:01:46,490 INFO o.a.j.s.SaveService: Using SaveService properties file encoding UTF-8
2019-03-23 06:01:46,492 INFO o.a.j.s.SaveService: Using SaveService properties version 5.0
2019-03-23 06:01:46,496 INFO o.a.j.s.SaveService: Loading file: C:\Repos\apache-jmeter-5.1.1\testplan\Graph Results.jmx
2019-03-23 06:01:46,589 INFO o.a.j.s.FileServer: Set new base='C:\Repos\apache-jmeter-5.1.1\testplan'
2019-03-23 06:01:51,569 INFO o.a.j.e.StandardJMeterEngine: Running the test!
2019-03-23 06:01:51,571 INFO o.a.j.s.SampleEvent: List of sample_variables: []
2019-03-23 06:01:51,571 INFO o.a.j.s.SampleEvent: List of sample_variables: []
2019-03-23 06:01:51,573 INFO o.a.j.e.u.CompoundVariable: Note: Function class names must contain the string: '.functions.'
2019-03-23 06:01:51,573 INFO o.a.j.e.u.CompoundVariable: Note: Function class names must not contain the string: '.gui.'
2019-03-23 06:01:51,879 INFO o.a.j.g.u.JMeterMenuBar: setRunning(true, *local*)
2019-03-23 06:01:52,001 INFO o.a.j.e.StandardJMeterEngine: Starting ThreadGroup: 1 : Users
2019-03-23 06:01:52,001 INFO o.a.j.e.StandardJMeterEngine: Starting 133 threads for group Users.
2019-03-23 06:01:52,001 INFO o.a.j.e.StandardJMeterEngine: Thread will continue on error
2019-03-23 06:01:52,001 INFO o.a.j.t.ThreadGroup: Starting thread group... number=1 threads=133 ramp-up=100 delayedStart=false
2019-03-23 06:01:52,008 INFO o.a.j.t.JMeterThread: Thread started: Users 1-1
2019-03-23 06:01:52,031 INFO o.a.j.p.h.s.HTTPHCAbstractImpl: Local host = AnimeIsTrash
2019-03-23 06:01:52,039 INFO o.a.j.p.h.s.HTTPHC4Impl: HTTP request retry count = 0
2019-03-23 06:01:52,047 INFO o.a.j.t.ThreadGroup: Started thread group number 1
2019-03-23 06:01:52,047 INFO o.a.j.e.StandardJMeterEngine: All thread groups have been started
2019-03-23 06:01:52,755 INFO o.a.j.t.JMeterThread: Thread started: Users 1-2
2019-03-23 06:01:52,943 INFO o.a.j.u.JsseSSLManager: Using default SSL protocol: TLS
2019-03-23 06:01:52,943 INFO o.a.j.u.JsseSSLManager: SSL session context: per-thread
2019-03-23 06:01:53,508 INFO o.a.j.t.JMeterThread: Thread started: Users 1-3
2019-03-23 06:01:54,262 INFO o.a.j.t.JMeterThread: Thread started: Users 1-4
2019-03-23 06:01:55,016 INFO o.a.j.t.JMeterThread: Thread started: Users 1-5
2019-03-23 06:01:55,766 INFO o.a.j.t.JMeterThread: Thread started: Users 1-6
2019-03-23 06:01:56,142 INFO o.a.j.t.JMeterThread: Thread is done: Users 1-3
2019-03-23 06:01:56,142 INFO o.a.j.t.JMeterThread: Thread finished: Users 1-3
2019-03-23 06:01:56,517 INFO o.a.j.t.JMeterThread: Thread started: Users 1-7
2019-03-23 06:01:56,878 INFO o.a.j.t.JMeterThread: Thread is done: Users 1-4
2019-03-23 06:01:56,879 INFO o.a.j.t.JMeterThread: Thread finished: Users 1-4
2019-03-23 06:01:57,266 INFO o.a.j.t.JMeterThread: Thread started: Users 1-8
2019-03-23 06:01:57,954 INFO o.a.j.t.JMeterThread: Thread is done: Users 1-5
2019-03-23 06:01:57,954 INFO o.a.j.t.JMeterThread: Thread finished: Users 1-5
2019-03-23 06:01:58,017 INFO o.a.j.t.JMeterThread: Thread started: Users 1-9
2019-03-23 06:01:58,771 INFO o.a.j.t.JMeterThread: Thread started: Users 1-10
2019-03-23 06:01:59,299 INFO o.a.j.t.JMeterThread: Thread is done: Users 1-6
2019-03-23 06:01:59,299 INFO o.a.j.t.JMeterThread: Thread finished: Users 1-6
2019-03-23 06:01:59,524 INFO o.a.j.t.JMeterThread: Thread started: Users 1-11
2019-03-23 06:02:00,274 INFO o.a.j.t.JMeterThread: Thread started: Users 1-12
2019-03-23 06:02:00,602 INFO o.a.j.t.JMeterThread: Thread is done: Users 1-7
2019-03-23 06:02:00,602 INFO o.a.j.t.JMeterThread: Thread finished: Users 1-7
2019-03-23 06:02:01,027 INFO o.a.j.t.JMeterThread: Thread started: Users 1-13
2019-03-23 06:02:01,210 INFO o.a.j.t.JMeterThread: Thread is done: Users 1-1
2019-03-23 06:02:01,210 INFO o.a.j.t.JMeterThread: Thread finished: Users 1-1
2019-03-23 06:02:01,660 INFO o.a.j.t.JMeterThread: Thread is done: Users 1-2
2019-03-23 06:02:01,661 INFO o.a.j.t.JMeterThread: Thread finished: Users 1-2
2019-03-23 06:02:01,778 INFO o.a.j.t.JMeterThread: Thread started: Users 1-14
2019-03-23 06:02:02,017 INFO o.a.j.t.JMeterThread: Thread is done: Users 1-8
2019-03-23 06:02:02,018 INFO o.a.j.t.JMeterThread: Thread finished: Users 1-8
2019-03-23 06:02:02,529 INFO o.a.j.t.JMeterThread: Thread started: Users 1-15
2019-03-23 06:02:02,529 INFO o.a.j.t.JMeterThread: Thread is done: Users 1-9
2019-03-23 06:02:02,530 INFO o.a.j.t.JMeterThread: Thread finished: Users 1-9
2019-03-23 06:02:03,283 INFO o.a.j.t.JMeterThread: Thread started: Users 1-16
2019-03-23 06:02:03,393 INFO o.a.j.t.JMeterThread: Thread is done: Users 1-10
2019-03-23 06:02:03,393 INFO o.a.j.t.JMeterThread: Thread finished: Users 1-10
2019-03-23 06:02:04,035 INFO o.a.j.t.JMeterThread: Thread started: Users 1-17
2019-03-23 06:02:04,264 INFO o.a.j.t.JMeterThread: Thread is done: Users 1-11
2019-03-23 06:02:04,264 INFO o.a.j.t.JMeterThread: Thread finished: Users 1-11
2019-03-23 06:02:04,692 INFO o.a.j.t.JMeterThread: Thread is done: Users 1-12
2019-03-23 06:02:04,692 INFO o.a.j.t.JMeterThread: Thread finished: Users 1-12
2019-03-23 06:02:04,786 INFO o.a.j.t.JMeterThread: Thread started: Users 1-18
2019-03-23 06:02:05,411 INFO o.a.j.t.JMeterThread: Thread is done: Users 1-13
2019-03-23 06:02:05,411 INFO o.a.j.t.JMeterThread: Thread finished: Users 1-13
2019-03-23 06:02:05,538 INFO o.a.j.t.JMeterThread: Thread started: Users 1-19
2019-03-23 06:02:05,931 INFO o.a.j.t.JMeterThread: Thread is done: Users 1-14
2019-03-23 06:02:05,931 INFO o.a.j.t.JMeterThread: Thread finished: Users 1-14
2019-03-23 06:02:06,290 INFO o.a.j.t.JMeterThread: Thread started: Users 1-20
2019-03-23 06:02:06,787 INFO o.a.j.t.JMeterThread: Thread is done: Users 1-15
2019-03-23 06:02:06,787 INFO o.a.j.t.JMeterThread: Thread finished: Users 1-15
2019-03-23 06:02:07,042 INFO o.a.j.t.JMeterThread: Thread started: Users 1-21
2019-03-23 06:02:07,367 INFO o.a.j.t.JMeterThread: Thread is done: Users 1-16
2019-03-23 06:02:07,367 INFO o.a.j.t.JMeterThread: Thread finished: Users 1-16
2019-03-23 06:02:07,794 INFO o.a.j.t.JMeterThread: Thread started: Users 1-22
2019-03-23 06:02:07,929 INFO o.a.j.t.JMeterThread: Thread is done: Users 1-18
2019-03-23 06:02:07,929 INFO o.a.j.t.JMeterThread: Thread finished: Users 1-18
2019-03-23 06:02:08,546 INFO o.a.j.t.JMeterThread: Thread started: Users 1-23
2019-03-23 06:02:09,298 INFO o.a.j.t.JMeterThread: Thread started: Users 1-24
2019-03-23 06:02:09,837 INFO o.a.j.t.JMeterThread: Thread is done: Users 1-17
2019-03-23 06:02:09,837 INFO o.a.j.t.JMeterThread: Thread finished: Users 1-17
2019-03-23 06:02:10,049 INFO o.a.j.t.JMeterThread: Thread started: Users 1-25
2019-03-23 06:02:10,801 INFO o.a.j.t.JMeterThread: Thread started: Users 1-26
2019-03-23 06:02:11,554 INFO o.a.j.t.JMeterThread: Thread started: Users 1-27
2019-03-23 06:02:11,582 INFO o.a.j.t.JMeterThread: Thread is done: Users 1-19
2019-03-23 06:02:11,583 INFO o.a.j.t.JMeterThread: Thread finished: Users 1-19
2019-03-23 06:02:12,085 INFO o.a.j.t.JMeterThread: Thread is done: Users 1-23
2019-03-23 06:02:12,085 INFO o.a.j.t.JMeterThread: Thread finished: Users 1-23
2019-03-23 06:02:12,306 INFO o.a.j.t.JMeterThread: Thread started: Users 1-28
2019-03-23 06:02:12,447 INFO o.a.j.t.JMeterThread: Thread is done: Users 1-20
2019-03-23 06:02:12,447 INFO o.a.j.t.JMeterThread: Thread finished: Users 1-20
2019-03-23 06:02:13,057 INFO o.a.j.t.JMeterThread: Thread started: Users 1-29
2019-03-23 06:02:13,551 INFO o.a.j.t.JMeterThread: Thread is done: Users 1-22
2019-03-23 06:02:13,551 INFO o.a.j.t.JMeterThread: Thread finished: Users 1-22
2019-03-23 06:02:13,809 INFO o.a.j.t.JMeterThread: Thread started: Users 1-30
2019-03-23 06:02:13,823 INFO o.a.j.t.JMeterThread: Thread is done: Users 1-24
2019-03-23 06:02:13,823 INFO o.a.j.t.JMeterThread: Thread finished: Users 1-24
2019-03-23 06:02:14,562 INFO o.a.j.t.JMeterThread: Thread started: Users 1-31
2019-03-23 06:02:14,595 INFO o.a.j.t.JMeterThread: Thread is done: Users 1-25
2019-03-23 06:02:14,595 INFO o.a.j.t.JMeterThread: Thread finished: Users 1-25
2019-03-23 06:02:15,314 INFO o.a.j.t.JMeterThread: Thread started: Users 1-32
2019-03-23 06:02:15,505 INFO o.a.j.t.JMeterThread: Thread is done: Users 1-26
2019-03-23 06:02:15,506 INFO o.a.j.t.JMeterThread: Thread finished: Users 1-26
2019-03-23 06:02:16,067 INFO o.a.j.t.JMeterThread: Thread started: Users 1-33
2019-03-23 06:02:16,433 INFO o.a.j.t.JMeterThread: Thread is done: Users 1-27
2019-03-23 06:02:16,433 INFO o.a.j.t.JMeterThread: Thread finished: Users 1-27
2019-03-23 06:02:16,817 INFO o.a.j.t.JMeterThread: Thread started: Users 1-34
2019-03-23 06:02:17,019 INFO o.a.j.t.JMeterThread: Thread is done: Users 1-21
2019-03-23 06:02:17,019 INFO o.a.j.t.JMeterThread: Thread finished: Users 1-21
2019-03-23 06:02:17,213 INFO o.a.j.t.JMeterThread: Thread is done: Users 1-28
2019-03-23 06:02:17,213 INFO o.a.j.t.JMeterThread: Thread finished: Users 1-28
2019-03-23 06:02:17,570 INFO o.a.j.t.JMeterThread: Thread started: Users 1-35
2019-03-23 06:02:17,902 INFO o.a.j.t.JMeterThread: Thread is done: Users 1-29
2019-03-23 06:02:17,902 INFO o.a.j.t.JMeterThread: Thread finished: Users 1-29
2019-03-23 06:02:18,322 INFO o.a.j.t.JMeterThread: Thread started: Users 1-36
2019-03-23 06:02:18,406 INFO o.a.j.t.JMeterThread: Thread is done: Users 1-30
2019-03-23 06:02:18,406 INFO o.a.j.t.JMeterThread: Thread finished: Users 1-30
2019-03-23 06:02:19,074 INFO o.a.j.t.JMeterThread: Thread started: Users 1-37
2019-03-23 06:02:19,109 INFO o.a.j.t.JMeterThread: Thread is done: Users 1-31
2019-03-23 06:02:19,109 INFO o.a.j.t.JMeterThread: Thread finished: Users 1-31
2019-03-23 06:02:19,647 INFO o.a.j.t.JMeterThread: Thread is done: Users 1-32
2019-03-23 06:02:19,648 INFO o.a.j.t.JMeterThread: Thread finished: Users 1-32
2019-03-23 06:02:19,827 INFO o.a.j.t.JMeterThread: Thread started: Users 1-38
2019-03-23 06:02:20,414 INFO o.a.j.t.JMeterThread: Thread is done: Users 1-33
2019-03-23 06:02:20,415 INFO o.a.j.t.JMeterThread: Thread finished: Users 1-33
2019-03-23 06:02:20,578 INFO o.a.j.t.JMeterThread: Thread started: Users 1-39
2019-03-23 06:02:21,113 INFO o.a.j.t.JMeterThread: Thread is done: Users 1-34
2019-03-23 06:02:21,113 INFO o.a.j.t.JMeterThread: Thread finished: Users 1-34
2019-03-23 06:02:21,329 INFO o.a.j.t.JMeterThread: Thread started: Users 1-40
2019-03-23 06:02:21,552 INFO o.a.j.t.JMeterThread: Thread is done: Users 1-35
2019-03-23 06:02:21,552 INFO o.a.j.t.JMeterThread: Thread finished: Users 1-35
2019-03-23 06:02:22,081 INFO o.a.j.t.JMeterThread: Thread started: Users 1-41
2019-03-23 06:02:22,239 INFO o.a.j.t.JMeterThread: Thread is done: Users 1-36
2019-03-23 06:02:22,239 INFO o.a.j.t.JMeterThread: Thread finished: Users 1-36
2019-03-23 06:02:22,833 INFO o.a.j.t.JMeterThread: Thread started: Users 1-42
2019-03-23 06:02:23,585 INFO o.a.j.t.JMeterThread: Thread started: Users 1-43
2019-03-23 06:02:24,338 INFO o.a.j.t.JMeterThread: Thread started: Users 1-44
2019-03-23 06:02:24,939 INFO o.a.j.t.JMeterThread: Thread is done: Users 1-37
2019-03-23 06:02:24,939 INFO o.a.j.t.JMeterThread: Thread finished: Users 1-37
2019-03-23 06:02:25,091 INFO o.a.j.t.JMeterThread: Thread started: Users 1-45
2019-03-23 06:02:25,309 INFO o.a.j.t.JMeterThread: Thread is done: Users 1-42
2019-03-23 06:02:25,309 INFO o.a.j.t.JMeterThread: Thread finished: Users 1-42
2019-03-23 06:02:25,725 INFO o.a.j.t.JMeterThread: Thread is done: Users 1-40
2019-03-23 06:02:25,725 INFO o.a.j.t.JMeterThread: Thread finished: Users 1-40
2019-03-23 06:02:25,773 INFO o.a.j.t.JMeterThread: Thread is done: Users 1-38
2019-03-23 06:02:25,773 INFO o.a.j.t.JMeterThread: Thread finished: Users 1-38
2019-03-23 06:02:25,841 INFO o.a.j.t.JMeterThread: Thread started: Users 1-46
2019-03-23 06:02:26,593 INFO o.a.j.t.JMeterThread: Thread started: Users 1-47
2019-03-23 06:02:27,346 INFO o.a.j.t.JMeterThread: Thread started: Users 1-48
2019-03-23 06:02:28,098 INFO o.a.j.t.JMeterThread: Thread started: Users 1-49
2019-03-23 06:02:28,124 INFO o.a.j.t.JMeterThread: Thread is done: Users 1-43
2019-03-23 06:02:28,124 INFO o.a.j.t.JMeterThread: Thread finished: Users 1-43
2019-03-23 06:02:28,392 INFO o.a.j.t.JMeterThread: Thread is done: Users 1-41
2019-03-23 06:02:28,392 INFO o.a.j.t.JMeterThread: Thread finished: Users 1-41
2019-03-23 06:02:28,678 INFO o.a.j.t.JMeterThread: Thread is done: Users 1-44
2019-03-23 06:02:28,678 INFO o.a.j.t.JMeterThread: Thread finished: Users 1-44
2019-03-23 06:02:28,851 INFO o.a.j.t.JMeterThread: Thread started: Users 1-50
2019-03-23 06:02:29,601 INFO o.a.j.t.JMeterThread: Thread started: Users 1-51
2019-03-23 06:02:29,642 INFO o.a.j.t.JMeterThread: Thread is done: Users 1-45
2019-03-23 06:02:29,642 INFO o.a.j.t.JMeterThread: Thread finished: Users 1-45
2019-03-23 06:02:30,012 INFO o.a.j.t.JMeterThread: Thread is done: Users 1-39
2019-03-23 06:02:30,012 INFO o.a.j.t.JMeterThread: Thread finished: Users 1-39
2019-03-23 06:02:30,344 INFO o.a.j.t.JMeterThread: Thread is done: Users 1-46
2019-03-23 06:02:30,344 INFO o.a.j.t.JMeterThread: Thread finished: Users 1-46
2019-03-23 06:02:30,354 INFO o.a.j.t.JMeterThread: Thread started: Users 1-52
2019-03-23 06:02:31,105 INFO o.a.j.t.JMeterThread: Thread started: Users 1-53
2019-03-23 06:02:31,177 INFO o.a.j.t.JMeterThread: Thread is done: Users 1-47
2019-03-23 06:02:31,177 INFO o.a.j.t.JMeterThread: Thread finished: Users 1-47
2019-03-23 06:02:31,858 INFO o.a.j.t.JMeterThread: Thread started: Users 1-54
2019-03-23 06:02:31,961 INFO o.a.j.t.JMeterThread: Thread is done: Users 1-48
2019-03-23 06:02:31,961 INFO o.a.j.t.JMeterThread: Thread finished: Users 1-48
2019-03-23 06:02:32,530 INFO o.a.j.t.JMeterThread: Thread is done: Users 1-49
2019-03-23 06:02:32,530 INFO o.a.j.t.JMeterThread: Thread finished: Users 1-49
2019-03-23 06:02:32,610 INFO o.a.j.t.JMeterThread: Thread started: Users 1-55
2019-03-23 06:02:33,084 INFO o.a.j.t.JMeterThread: Thread is done: Users 1-50
2019-03-23 06:02:33,084 INFO o.a.j.t.JMeterThread: Thread finished: Users 1-50
2019-03-23 06:02:33,362 INFO o.a.j.t.JMeterThread: Thread started: Users 1-56
2019-03-23 06:02:33,822 INFO o.a.j.t.JMeterThread: Thread is done: Users 1-51
2019-03-23 06:02:33,822 INFO o.a.j.t.JMeterThread: Thread finished: Users 1-51
2019-03-23 06:02:34,113 INFO o.a.j.t.JMeterThread: Thread started: Users 1-57
2019-03-23 06:02:34,577 INFO o.a.j.t.JMeterThread: Thread is done: Users 1-52
2019-03-23 06:02:34,577 INFO o.a.j.t.JMeterThread: Thread finished: Users 1-52
2019-03-23 06:02:34,866 INFO o.a.j.t.JMeterThread: Thread started: Users 1-58
2019-03-23 06:02:34,965 INFO o.a.j.t.JMeterThread: Thread is done: Users 1-53
2019-03-23 06:02:34,965 INFO o.a.j.t.JMeterThread: Thread finished: Users 1-53
2019-03-23 06:02:35,618 INFO o.a.j.t.JMeterThread: Thread started: Users 1-59
2019-03-23 06:02:35,782 INFO o.a.j.t.JMeterThread: Thread is done: Users 1-54
2019-03-23 06:02:35,782 INFO o.a.j.t.JMeterThread: Thread finished: Users 1-54
2019-03-23 06:02:36,360 INFO o.a.j.t.JMeterThread: Thread is done: Users 1-55
2019-03-23 06:02:36,360 INFO o.a.j.t.JMeterThread: Thread finished: Users 1-55
2019-03-23 06:02:36,370 INFO o.a.j.t.JMeterThread: Thread started: Users 1-60
2019-03-23 06:02:37,012 INFO o.a.j.t.JMeterThread: Thread is done: Users 1-56
2019-03-23 06:02:37,013 INFO o.a.j.t.JMeterThread: Thread finished: Users 1-56
2019-03-23 06:02:37,122 INFO o.a.j.t.JMeterThread: Thread started: Users 1-61
2019-03-23 06:02:37,711 INFO o.a.j.t.JMeterThread: Thread is done: Users 1-58
2019-03-23 06:02:37,711 INFO o.a.j.t.JMeterThread: Thread finished: Users 1-58
2019-03-23 06:02:37,874 INFO o.a.j.t.JMeterThread: Thread started: Users 1-62
2019-03-23 06:02:38,625 INFO o.a.j.t.JMeterThread: Thread started: Users 1-63
2019-03-23 06:02:39,378 INFO o.a.j.t.JMeterThread: Thread started: Users 1-64
2019-03-23 06:02:40,025 INFO o.a.j.t.JMeterThread: Thread is done: Users 1-57
2019-03-23 06:02:40,025 INFO o.a.j.t.JMeterThread: Thread finished: Users 1-57
2019-03-23 06:02:40,131 INFO o.a.j.t.JMeterThread: Thread started: Users 1-65
2019-03-23 06:02:40,576 INFO o.a.j.t.JMeterThread: Thread is done: Users 1-62
2019-03-23 06:02:40,576 INFO o.a.j.t.JMeterThread: Thread finished: Users 1-62
2019-03-23 06:02:40,882 INFO o.a.j.t.JMeterThread: Thread started: Users 1-66
2019-03-23 06:02:41,634 INFO o.a.j.t.JMeterThread: Thread started: Users 1-67
2019-03-23 06:02:41,969 INFO o.a.j.t.JMeterThread: Thread is done: Users 1-59
2019-03-23 06:02:41,970 INFO o.a.j.t.JMeterThread: Thread finished: Users 1-59
2019-03-23 06:02:42,386 INFO o.a.j.t.JMeterThread: Thread started: Users 1-68
2019-03-23 06:02:42,896 INFO o.a.j.t.JMeterThread: Thread is done: Users 1-60
2019-03-23 06:02:42,896 INFO o.a.j.t.JMeterThread: Thread finished: Users 1-60
2019-03-23 06:02:43,138 INFO o.a.j.t.JMeterThread: Thread started: Users 1-69
2019-03-23 06:02:43,889 INFO o.a.j.t.JMeterThread: Thread started: Users 1-70
2019-03-23 06:02:44,156 INFO o.a.j.t.JMeterThread: Thread is done: Users 1-63
2019-03-23 06:02:44,156 INFO o.a.j.t.JMeterThread: Thread finished: Users 1-63
2019-03-23 06:02:44,169 INFO o.a.j.t.JMeterThread: Thread is done: Users 1-61
2019-03-23 06:02:44,170 INFO o.a.j.t.JMeterThread: Thread finished: Users 1-61
2019-03-23 06:02:44,288 INFO o.a.j.t.JMeterThread: Thread is done: Users 1-64
2019-03-23 06:02:44,288 INFO o.a.j.t.JMeterThread: Thread finished: Users 1-64
2019-03-23 06:02:44,642 INFO o.a.j.t.JMeterThread: Thread started: Users 1-71
2019-03-23 06:02:45,111 INFO o.a.j.t.JMeterThread: Thread is done: Users 1-65
2019-03-23 06:02:45,111 INFO o.a.j.t.JMeterThread: Thread finished: Users 1-65
2019-03-23 06:02:45,395 INFO o.a.j.t.JMeterThread: Thread started: Users 1-72
2019-03-23 06:02:45,552 INFO o.a.j.t.JMeterThread: Thread is done: Users 1-66
2019-03-23 06:02:45,552 INFO o.a.j.t.JMeterThread: Thread finished: Users 1-66
2019-03-23 06:02:46,146 INFO o.a.j.t.JMeterThread: Thread started: Users 1-73
2019-03-23 06:02:46,409 INFO o.a.j.t.JMeterThread: Thread is done: Users 1-67
2019-03-23 06:02:46,409 INFO o.a.j.t.JMeterThread: Thread finished: Users 1-67
2019-03-23 06:02:46,897 INFO o.a.j.t.JMeterThread: Thread started: Users 1-74
2019-03-23 06:02:47,053 INFO o.a.j.t.JMeterThread: Thread is done: Users 1-68
2019-03-23 06:02:47,053 INFO o.a.j.t.JMeterThread: Thread finished: Users 1-68
2019-03-23 06:02:47,649 INFO o.a.j.t.JMeterThread: Thread started: Users 1-75
2019-03-23 06:02:47,815 INFO o.a.j.t.JMeterThread: Thread is done: Users 1-69
2019-03-23 06:02:47,815 INFO o.a.j.t.JMeterThread: Thread finished: Users 1-69
2019-03-23 06:02:48,349 INFO o.a.j.t.JMeterThread: Thread is done: Users 1-70
2019-03-23 06:02:48,350 INFO o.a.j.t.JMeterThread: Thread finished: Users 1-70
2019-03-23 06:02:48,403 INFO o.a.j.t.JMeterThread: Thread started: Users 1-76
2019-03-23 06:02:49,096 INFO o.a.j.t.JMeterThread: Thread is done: Users 1-71
2019-03-23 06:02:49,096 INFO o.a.j.t.JMeterThread: Thread finished: Users 1-71
2019-03-23 06:02:49,154 INFO o.a.j.t.JMeterThread: Thread started: Users 1-77
2019-03-23 06:02:49,355 INFO o.a.j.t.JMeterThread: Thread is done: Users 1-72
2019-03-23 06:02:49,355 INFO o.a.j.t.JMeterThread: Thread finished: Users 1-72
2019-03-23 06:02:49,905 INFO o.a.j.t.JMeterThread: Thread started: Users 1-78
2019-03-23 06:02:50,196 INFO o.a.j.t.JMeterThread: Thread is done: Users 1-75
2019-03-23 06:02:50,196 INFO o.a.j.t.JMeterThread: Thread finished: Users 1-75
2019-03-23 06:02:50,657 INFO o.a.j.t.JMeterThread: Thread started: Users 1-79
2019-03-23 06:02:51,410 INFO o.a.j.t.JMeterThread: Thread started: Users 1-80
2019-03-23 06:02:52,162 INFO o.a.j.t.JMeterThread: Thread started: Users 1-81
2019-03-23 06:02:52,914 INFO o.a.j.t.JMeterThread: Thread started: Users 1-82
2019-03-23 06:02:53,430 INFO o.a.j.t.JMeterThread: Thread is done: Users 1-79
2019-03-23 06:02:53,430 INFO o.a.j.t.JMeterThread: Thread finished: Users 1-79
2019-03-23 06:02:53,632 INFO o.a.j.t.JMeterThread: Thread is done: Users 1-73
2019-03-23 06:02:53,632 INFO o.a.j.t.JMeterThread: Thread finished: Users 1-73
2019-03-23 06:02:53,665 INFO o.a.j.t.JMeterThread: Thread started: Users 1-83
2019-03-23 06:02:54,418 INFO o.a.j.t.JMeterThread: Thread started: Users 1-84
2019-03-23 06:02:54,678 INFO o.a.j.t.JMeterThread: Thread is done: Users 1-74
2019-03-23 06:02:54,678 INFO o.a.j.t.JMeterThread: Thread finished: Users 1-74
2019-03-23 06:02:55,171 INFO o.a.j.t.JMeterThread: Thread started: Users 1-85
2019-03-23 06:02:55,496 INFO o.a.j.t.JMeterThread: Thread is done: Users 1-80
2019-03-23 06:02:55,496 INFO o.a.j.t.JMeterThread: Thread finished: Users 1-80
2019-03-23 06:02:55,921 INFO o.a.j.t.JMeterThread: Thread started: Users 1-86
2019-03-23 06:02:56,280 INFO o.a.j.t.JMeterThread: Thread is done: Users 1-76
2019-03-23 06:02:56,281 INFO o.a.j.t.JMeterThread: Thread finished: Users 1-76
2019-03-23 06:02:56,673 INFO o.a.j.t.JMeterThread: Thread started: Users 1-87
2019-03-23 06:02:57,369 INFO o.a.j.t.JMeterThread: Thread is done: Users 1-78
2019-03-23 06:02:57,369 INFO o.a.j.t.JMeterThread: Thread finished: Users 1-78
2019-03-23 06:02:57,425 INFO o.a.j.t.JMeterThread: Thread started: Users 1-88
2019-03-23 06:02:57,517 INFO o.a.j.t.JMeterThread: Thread is done: Users 1-77
2019-03-23 06:02:57,517 INFO o.a.j.t.JMeterThread: Thread finished: Users 1-77
2019-03-23 06:02:57,552 INFO o.a.j.t.JMeterThread: Thread is done: Users 1-81
2019-03-23 06:02:57,553 INFO o.a.j.t.JMeterThread: Thread finished: Users 1-81
2019-03-23 06:02:58,178 INFO o.a.j.t.JMeterThread: Thread started: Users 1-89
2019-03-23 06:02:58,317 INFO o.a.j.t.JMeterThread: Thread is done: Users 1-82
2019-03-23 06:02:58,317 INFO o.a.j.t.JMeterThread: Thread finished: Users 1-82
2019-03-23 06:02:58,905 INFO o.a.j.t.JMeterThread: Thread is done: Users 1-83
2019-03-23 06:02:58,905 INFO o.a.j.t.JMeterThread: Thread finished: Users 1-83
2019-03-23 06:02:58,930 INFO o.a.j.t.JMeterThread: Thread started: Users 1-90
2019-03-23 06:02:59,570 INFO o.a.j.t.JMeterThread: Thread is done: Users 1-84
2019-03-23 06:02:59,570 INFO o.a.j.t.JMeterThread: Thread finished: Users 1-84
2019-03-23 06:02:59,682 INFO o.a.j.t.JMeterThread: Thread started: Users 1-91
2019-03-23 06:02:59,966 INFO o.a.j.t.JMeterThread: Thread is done: Users 1-85
2019-03-23 06:02:59,966 INFO o.a.j.t.JMeterThread: Thread finished: Users 1-85
2019-03-23 06:03:00,433 INFO o.a.j.t.JMeterThread: Thread started: Users 1-92
2019-03-23 06:03:00,624 INFO o.a.j.t.JMeterThread: Thread is done: Users 1-86
2019-03-23 06:03:00,624 INFO o.a.j.t.JMeterThread: Thread finished: Users 1-86
2019-03-23 06:03:01,010 INFO o.a.j.t.JMeterThread: Thread is done: Users 1-87
2019-03-23 06:03:01,010 INFO o.a.j.t.JMeterThread: Thread finished: Users 1-87
2019-03-23 06:03:01,186 INFO o.a.j.t.JMeterThread: Thread started: Users 1-93
2019-03-23 06:03:01,670 INFO o.a.j.t.JMeterThread: Thread is done: Users 1-88
2019-03-23 06:03:01,670 INFO o.a.j.t.JMeterThread: Thread finished: Users 1-88
2019-03-23 06:03:01,938 INFO o.a.j.t.JMeterThread: Thread started: Users 1-94
2019-03-23 06:03:02,273 INFO o.a.j.t.JMeterThread: Thread is done: Users 1-89
2019-03-23 06:03:02,273 INFO o.a.j.t.JMeterThread: Thread finished: Users 1-89
2019-03-23 06:03:02,689 INFO o.a.j.t.JMeterThread: Thread started: Users 1-95
2019-03-23 06:03:03,442 INFO o.a.j.t.JMeterThread: Thread started: Users 1-96
2019-03-23 06:03:04,194 INFO o.a.j.t.JMeterThread: Thread started: Users 1-97
2019-03-23 06:03:04,392 INFO o.a.j.t.JMeterThread: Thread is done: Users 1-90
2019-03-23 06:03:04,392 INFO o.a.j.t.JMeterThread: Thread finished: Users 1-90
2019-03-23 06:03:04,879 INFO o.a.j.t.JMeterThread: Thread is done: Users 1-95
2019-03-23 06:03:04,879 INFO o.a.j.t.JMeterThread: Thread finished: Users 1-95
2019-03-23 06:03:04,946 INFO o.a.j.t.JMeterThread: Thread started: Users 1-98
2019-03-23 06:03:05,698 INFO o.a.j.t.JMeterThread: Thread started: Users 1-99
2019-03-23 06:03:05,737 INFO o.a.j.t.JMeterThread: Thread is done: Users 1-92
2019-03-23 06:03:05,737 INFO o.a.j.t.JMeterThread: Thread finished: Users 1-92
2019-03-23 06:03:06,098 INFO o.a.j.t.JMeterThread: Thread is done: Users 1-94
2019-03-23 06:03:06,098 INFO o.a.j.t.JMeterThread: Thread finished: Users 1-94
2019-03-23 06:03:06,450 INFO o.a.j.t.JMeterThread: Thread started: Users 1-100
2019-03-23 06:03:07,061 INFO o.a.j.t.JMeterThread: Thread is done: Users 1-96
2019-03-23 06:03:07,061 INFO o.a.j.t.JMeterThread: Thread finished: Users 1-96
2019-03-23 06:03:07,202 INFO o.a.j.t.JMeterThread: Thread started: Users 1-101
2019-03-23 06:03:07,540 INFO o.a.j.t.JMeterThread: Thread is done: Users 1-97
2019-03-23 06:03:07,540 INFO o.a.j.t.JMeterThread: Thread finished: Users 1-97
2019-03-23 06:03:07,954 INFO o.a.j.t.JMeterThread: Thread started: Users 1-102
2019-03-23 06:03:08,706 INFO o.a.j.t.JMeterThread: Thread started: Users 1-103
2019-03-23 06:03:08,750 INFO o.a.j.t.JMeterThread: Thread is done: Users 1-91
2019-03-23 06:03:08,750 INFO o.a.j.t.JMeterThread: Thread finished: Users 1-91
2019-03-23 06:03:08,769 INFO o.a.j.t.JMeterThread: Thread is done: Users 1-98
2019-03-23 06:03:08,769 INFO o.a.j.t.JMeterThread: Thread finished: Users 1-98
2019-03-23 06:03:09,459 INFO o.a.j.t.JMeterThread: Thread started: Users 1-104
2019-03-23 06:03:09,643 INFO o.a.j.t.JMeterThread: Thread is done: Users 1-99
2019-03-23 06:03:09,643 INFO o.a.j.t.JMeterThread: Thread finished: Users 1-99
2019-03-23 06:03:10,209 INFO o.a.j.t.JMeterThread: Thread started: Users 1-105
2019-03-23 06:03:10,332 INFO o.a.j.t.JMeterThread: Thread is done: Users 1-93
2019-03-23 06:03:10,332 INFO o.a.j.t.JMeterThread: Thread finished: Users 1-93
2019-03-23 06:03:10,409 INFO o.a.j.t.JMeterThread: Thread is done: Users 1-100
2019-03-23 06:03:10,410 INFO o.a.j.t.JMeterThread: Thread finished: Users 1-100
2019-03-23 06:03:10,961 INFO o.a.j.t.JMeterThread: Thread started: Users 1-106
2019-03-23 06:03:11,120 INFO o.a.j.t.JMeterThread: Thread is done: Users 1-101
2019-03-23 06:03:11,120 INFO o.a.j.t.JMeterThread: Thread finished: Users 1-101
2019-03-23 06:03:11,714 INFO o.a.j.t.JMeterThread: Thread started: Users 1-107
2019-03-23 06:03:11,807 INFO o.a.j.t.JMeterThread: Thread is done: Users 1-102
2019-03-23 06:03:11,808 INFO o.a.j.t.JMeterThread: Thread finished: Users 1-102
2019-03-23 06:03:12,424 INFO o.a.j.t.JMeterThread: Thread is done: Users 1-103
2019-03-23 06:03:12,424 INFO o.a.j.t.JMeterThread: Thread finished: Users 1-103
2019-03-23 06:03:12,467 INFO o.a.j.t.JMeterThread: Thread started: Users 1-108
2019-03-23 06:03:12,998 INFO o.a.j.t.JMeterThread: Thread is done: Users 1-104
2019-03-23 06:03:12,998 INFO o.a.j.t.JMeterThread: Thread finished: Users 1-104
2019-03-23 06:03:13,218 INFO o.a.j.t.JMeterThread: Thread started: Users 1-109
2019-03-23 06:03:13,516 INFO o.a.j.t.JMeterThread: Thread is done: Users 1-105
2019-03-23 06:03:13,516 INFO o.a.j.t.JMeterThread: Thread finished: Users 1-105
2019-03-23 06:03:13,969 INFO o.a.j.t.JMeterThread: Thread started: Users 1-110
2019-03-23 06:03:14,257 INFO o.a.j.t.JMeterThread: Thread is done: Users 1-106
2019-03-23 06:03:14,257 INFO o.a.j.t.JMeterThread: Thread finished: Users 1-106
2019-03-23 06:03:14,721 INFO o.a.j.t.JMeterThread: Thread started: Users 1-111
2019-03-23 06:03:14,844 INFO o.a.j.t.JMeterThread: Thread is done: Users 1-107
2019-03-23 06:03:14,844 INFO o.a.j.t.JMeterThread: Thread finished: Users 1-107
2019-03-23 06:03:15,456 INFO o.a.j.t.JMeterThread: Thread is done: Users 1-108
2019-03-23 06:03:15,456 INFO o.a.j.t.JMeterThread: Thread finished: Users 1-108
2019-03-23 06:03:15,474 INFO o.a.j.t.JMeterThread: Thread started: Users 1-112
2019-03-23 06:03:16,195 INFO o.a.j.t.JMeterThread: Thread is done: Users 1-109
2019-03-23 06:03:16,195 INFO o.a.j.t.JMeterThread: Thread finished: Users 1-109
2019-03-23 06:03:16,226 INFO o.a.j.t.JMeterThread: Thread started: Users 1-113
2019-03-23 06:03:16,862 INFO o.a.j.t.JMeterThread: Thread is done: Users 1-110
2019-03-23 06:03:16,862 INFO o.a.j.t.JMeterThread: Thread finished: Users 1-110
2019-03-23 06:03:16,977 INFO o.a.j.t.JMeterThread: Thread started: Users 1-114
2019-03-23 06:03:17,730 INFO o.a.j.t.JMeterThread: Thread started: Users 1-115
2019-03-23 06:03:18,482 INFO o.a.j.t.JMeterThread: Thread started: Users 1-116
2019-03-23 06:03:19,234 INFO o.a.j.t.JMeterThread: Thread started: Users 1-117
2019-03-23 06:03:19,985 INFO o.a.j.t.JMeterThread: Thread started: Users 1-118
2019-03-23 06:03:20,149 INFO o.a.j.t.JMeterThread: Thread is done: Users 1-113
2019-03-23 06:03:20,149 INFO o.a.j.t.JMeterThread: Thread finished: Users 1-113
2019-03-23 06:03:20,471 INFO o.a.j.t.JMeterThread: Thread is done: Users 1-112
2019-03-23 06:03:20,471 INFO o.a.j.t.JMeterThread: Thread finished: Users 1-112
2019-03-23 06:03:20,738 INFO o.a.j.t.JMeterThread: Thread started: Users 1-119
2019-03-23 06:03:20,774 INFO o.a.j.t.JMeterThread: Thread is done: Users 1-115
2019-03-23 06:03:20,774 INFO o.a.j.t.JMeterThread: Thread finished: Users 1-115
2019-03-23 06:03:21,139 INFO o.a.j.t.JMeterThread: Thread is done: Users 1-116
2019-03-23 06:03:21,139 INFO o.a.j.t.JMeterThread: Thread finished: Users 1-116
2019-03-23 06:03:21,490 INFO o.a.j.t.JMeterThread: Thread started: Users 1-120
2019-03-23 06:03:22,216 INFO o.a.j.t.JMeterThread: Thread is done: Users 1-117
2019-03-23 06:03:22,216 INFO o.a.j.t.JMeterThread: Thread finished: Users 1-117
2019-03-23 06:03:22,243 INFO o.a.j.t.JMeterThread: Thread started: Users 1-121
2019-03-23 06:03:22,770 INFO o.a.j.t.JMeterThread: Thread is done: Users 1-111
2019-03-23 06:03:22,770 INFO o.a.j.t.JMeterThread: Thread finished: Users 1-111
2019-03-23 06:03:22,994 INFO o.a.j.t.JMeterThread: Thread started: Users 1-122
2019-03-23 06:03:23,424 INFO o.a.j.t.JMeterThread: Thread is done: Users 1-118
2019-03-23 06:03:23,424 INFO o.a.j.t.JMeterThread: Thread finished: Users 1-118
2019-03-23 06:03:23,745 INFO o.a.j.t.JMeterThread: Thread started: Users 1-123
2019-03-23 06:03:24,015 INFO o.a.j.t.JMeterThread: Thread is done: Users 1-119
2019-03-23 06:03:24,015 INFO o.a.j.t.JMeterThread: Thread finished: Users 1-119
2019-03-23 06:03:24,498 INFO o.a.j.t.JMeterThread: Thread started: Users 1-124
2019-03-23 06:03:24,888 INFO o.a.j.t.JMeterThread: Thread is done: Users 1-120
2019-03-23 06:03:24,888 INFO o.a.j.t.JMeterThread: Thread finished: Users 1-120
2019-03-23 06:03:25,202 INFO o.a.j.t.JMeterThread: Thread is done: Users 1-114
2019-03-23 06:03:25,202 INFO o.a.j.t.JMeterThread: Thread finished: Users 1-114
2019-03-23 06:03:25,250 INFO o.a.j.t.JMeterThread: Thread started: Users 1-125
2019-03-23 06:03:25,867 INFO o.a.j.t.JMeterThread: Thread is done: Users 1-121
2019-03-23 06:03:25,867 INFO o.a.j.t.JMeterThread: Thread finished: Users 1-121
2019-03-23 06:03:26,003 INFO o.a.j.t.JMeterThread: Thread started: Users 1-126
2019-03-23 06:03:26,695 INFO o.a.j.t.JMeterThread: Thread is done: Users 1-122
2019-03-23 06:03:26,696 INFO o.a.j.t.JMeterThread: Thread finished: Users 1-122
2019-03-23 06:03:26,753 INFO o.a.j.t.JMeterThread: Thread started: Users 1-127
2019-03-23 06:03:27,098 INFO o.a.j.t.JMeterThread: Thread is done: Users 1-123
2019-03-23 06:03:27,098 INFO o.a.j.t.JMeterThread: Thread finished: Users 1-123
2019-03-23 06:03:27,505 INFO o.a.j.t.JMeterThread: Thread started: Users 1-128
2019-03-23 06:03:28,083 INFO o.a.j.t.JMeterThread: Thread is done: Users 1-124
2019-03-23 06:03:28,084 INFO o.a.j.t.JMeterThread: Thread finished: Users 1-124
2019-03-23 06:03:28,258 INFO o.a.j.t.JMeterThread: Thread started: Users 1-129
2019-03-23 06:03:28,620 INFO o.a.j.t.JMeterThread: Thread is done: Users 1-125
2019-03-23 06:03:28,620 INFO o.a.j.t.JMeterThread: Thread finished: Users 1-125
2019-03-23 06:03:29,010 INFO o.a.j.t.JMeterThread: Thread started: Users 1-130
2019-03-23 06:03:29,396 INFO o.a.j.t.JMeterThread: Thread is done: Users 1-126
2019-03-23 06:03:29,397 INFO o.a.j.t.JMeterThread: Thread finished: Users 1-126
2019-03-23 06:03:29,762 INFO o.a.j.t.JMeterThread: Thread started: Users 1-131
2019-03-23 06:03:29,958 INFO o.a.j.t.JMeterThread: Thread is done: Users 1-127
2019-03-23 06:03:29,958 INFO o.a.j.t.JMeterThread: Thread finished: Users 1-127
2019-03-23 06:03:30,511 INFO o.a.j.t.JMeterThread: Thread is done: Users 1-128
2019-03-23 06:03:30,512 INFO o.a.j.t.JMeterThread: Thread finished: Users 1-128
2019-03-23 06:03:30,514 INFO o.a.j.t.JMeterThread: Thread started: Users 1-132
2019-03-23 06:03:31,266 INFO o.a.j.t.JMeterThread: Thread started: Users 1-133
2019-03-23 06:03:31,312 INFO o.a.j.t.JMeterThread: Thread is done: Users 1-129
2019-03-23 06:03:31,313 INFO o.a.j.t.JMeterThread: Thread finished: Users 1-129
2019-03-23 06:03:32,003 INFO o.a.j.t.JMeterThread: Thread is done: Users 1-130
2019-03-23 06:03:32,003 INFO o.a.j.t.JMeterThread: Thread finished: Users 1-130
2019-03-23 06:03:34,531 INFO o.a.j.t.JMeterThread: Thread is done: Users 1-132
2019-03-23 06:03:34,531 INFO o.a.j.t.JMeterThread: Thread finished: Users 1-132
2019-03-23 06:03:37,388 INFO o.a.j.t.JMeterThread: Thread is done: Users 1-131
2019-03-23 06:03:37,388 INFO o.a.j.t.JMeterThread: Thread finished: Users 1-131
2019-03-23 06:03:38,238 INFO o.a.j.t.JMeterThread: Thread is done: Users 1-133
2019-03-23 06:03:38,239 INFO o.a.j.t.JMeterThread: Thread finished: Users 1-133
2019-03-23 06:03:38,239 INFO o.a.j.e.StandardJMeterEngine: Notifying test listeners of end of test
2019-03-23 06:03:38,239 INFO o.a.j.g.u.JMeterMenuBar: setRunning(false, *local*)
